<?xml version="1.0" encoding="UTF-8"?>
<!-- Generated by org.testng.reporters.JUnitReportReporter -->
<testsuite hostname="NODE511" name="com.selenium.gspann.yatraTest.YatraTestEx" tests="1" failures="0" timestamp="1 Sep 2016 08:14:11 GMT" time="33.797" errors="0">
  <testcase name="t1" time="33.797" classname="com.selenium.gspann.yatraTest.YatraTestEx"/>
</testsuite> <!-- com.selenium.gspann.yatraTest.YatraTestEx -->
